PREHOOK: query: CREATE TABLE dest1_n153(key INT, value STRING) STORED AS TEXTFILE
PREHOOK: type: CREATETABLE
PREHOOK: Output: database:default
PREHOOK: Output: default@dest1_n153
POSTHOOK: query: CREATE TABLE dest1_n153(key INT, value STRING) STORED AS TEXTFILE
POSTHOOK: type: CREATETABLE
POSTHOOK: Output: database:default
POSTHOOK: Output: default@dest1_n153
PREHOOK: query: EXPLAIN
FROM src
INSERT OVERWRITE TABLE dest1_n153 SELECT src.key, src.value WHERE src.key < 100 LIMIT 10
PREHOOK: type: QUERY
POSTHOOK: query: EXPLAIN
FROM src
INSERT OVERWRITE TABLE dest1_n153 SELECT src.key, src.value WHERE src.key < 100 LIMIT 10
POSTHOOK: type: QUERY
STAGE DEPENDENCIES:
  Stage-1 is a root stage
  Stage-7 depends on stages: Stage-1 , consists of Stage-4, Stage-3, Stage-5
  Stage-4
  Stage-0 depends on stages: Stage-4, Stage-3, Stage-6
  Stage-2 depends on stages: Stage-0
  Stage-3
  Stage-5
  Stage-6 depends on stages: Stage-5

STAGE PLANS:
  Stage: Stage-1
    Map Reduce
      Map Operator Tree:
          TableScan
            alias: src
            filterExpr: (UDFToDouble(key) < 100.0D) (type: boolean)
            Statistics: Num rows: 500 Data size: 5312 Basic stats: COMPLETE Column stats: NONE
            Filter Operator
              predicate: (UDFToDouble(key) < 100.0D) (type: boolean)
              Statistics: Num rows: 166 Data size: 1763 Basic stats: COMPLETE Column stats: NONE
              Select Operator
                expressions: key (type: string), value (type: string)
                outputColumnNames: _col0, _col1
                Statistics: Num rows: 166 Data size: 1763 Basic stats: COMPLETE Column stats: NONE
                Limit
                  Number of rows: 10
                  Statistics: Num rows: 10 Data size: 100 Basic stats: COMPLETE Column stats: NONE
                  Select Operator
                    expressions: UDFToInteger(_col0) (type: int), _col1 (type: string)
                    outputColumnNames: _col0, _col1
                    Statistics: Num rows: 10 Data size: 100 Basic stats: COMPLETE Column stats: NONE
                    File Output Operator
                      compressed: false
                      Statistics: Num rows: 10 Data size: 100 Basic stats: COMPLETE Column stats: NONE
                      table:
                          input format: org.apache.hadoop.mapred.TextInputFormat
                          output format: org.apache.hadoop.hive.ql.io.HiveIgnoreKeyTextOutputFormat
                          serde: org.apache.hadoop.hive.serde2.lazy.LazySimpleSerDe
                          name: default.dest1_n153
      Execution mode: vectorized

  Stage: Stage-7
    Conditional Operator

  Stage: Stage-4
    Move Operator
      files:
          hdfs directory: true
#### A masked pattern was here ####

  Stage: Stage-0
    Move Operator
      tables:
          replace: true
          table:
              input format: org.apache.hadoop.mapred.TextInputFormat
              output format: org.apache.hadoop.hive.ql.io.HiveIgnoreKeyTextOutputFormat
              serde: org.apache.hadoop.hive.serde2.lazy.LazySimpleSerDe
              name: default.dest1_n153

  Stage: Stage-2
    Stats Work
      Basic Stats Work:

  Stage: Stage-3
    Map Reduce
      Map Operator Tree:
          TableScan
            File Output Operator
              compressed: false
              table:
                  input format: org.apache.hadoop.mapred.TextInputFormat
                  output format: org.apache.hadoop.hive.ql.io.HiveIgnoreKeyTextOutputFormat
                  serde: org.apache.hadoop.hive.serde2.lazy.LazySimpleSerDe
                  name: default.dest1_n153

  Stage: Stage-5
    Map Reduce
      Map Operator Tree:
          TableScan
            File Output Operator
              compressed: false
              table:
                  input format: org.apache.hadoop.mapred.TextInputFormat
                  output format: org.apache.hadoop.hive.ql.io.HiveIgnoreKeyTextOutputFormat
                  serde: org.apache.hadoop.hive.serde2.lazy.LazySimpleSerDe
                  name: default.dest1_n153

  Stage: Stage-6
    Move Operator
      files:
          hdfs directory: true
#### A masked pattern was here ####

PREHOOK: query: FROM src
INSERT OVERWRITE TABLE dest1_n153 SELECT src.key, src.value WHERE src.key < 100 LIMIT 10
PREHOOK: type: QUERY
PREHOOK: Input: default@src
PREHOOK: Output: default@dest1_n153
POSTHOOK: query: FROM src
INSERT OVERWRITE TABLE dest1_n153 SELECT src.key, src.value WHERE src.key < 100 LIMIT 10
POSTHOOK: type: QUERY
POSTHOOK: Input: default@src
POSTHOOK: Output: default@dest1_n153
POSTHOOK: Lineage: dest1_n153.key EXPRESSION [(src)src.FieldSchema(name:key, type:string, comment:default), ]
POSTHOOK: Lineage: dest1_n153.value SIMPLE [(src)src.FieldSchema(name:value, type:string, comment:default), ]
PREHOOK: query: SELECT dest1_n153.* FROM dest1_n153
PREHOOK: type: QUERY
PREHOOK: Input: default@dest1_n153
#### A masked pattern was here ####
POSTHOOK: query: SELECT dest1_n153.* FROM dest1_n153
POSTHOOK: type: QUERY
POSTHOOK: Input: default@dest1_n153
#### A masked pattern was here ####
0	val_0
15	val_15
17	val_17
27	val_27
37	val_37
57	val_57
66	val_66
82	val_82
86	val_86
98	val_98
